9 20 18
12 68 18
3 21 44
x
x
4 64 28
x
3 7 10
3 61 14
x
1 62 10
2 29 19
x
6 79 34
5 25 10
14 45 42
3 56 24
2 87 0
9 79 39
5 82 39
4 32 3
x
x
5 30 11
7 5 42
3 47 0
x
x
4 57 8
14 96 8
2 23 4
12 73 28
9 87 43
x
3 27 12
15 44 27
x
12 98 29
7 62 43
x
7 72 35
0 84 20
2 71 3
7 68 16
3 36 6
6 88 15
4 68 2
x
12 20 3
8 50 38
3 95 40
15 85 23
10 98 33
2 97 17
12 14 25
7 55 18
15 48 1
6 8 27
3 1 8
10 49 2
0 20 14
9 64 13
15 93 26
15 30 37
2 92 2
15 21 18
3 38 17
6 39 42
x
3 15 29
14 56 18
x
14 53 19
x
x
8 90 15
7 96 34
3 51 26
11 98 14
12 36 22
14 59 30
x
7 76 2
11 72 10
13 5 18
x
3 85 31
x
2 18 16
5 5 6
2 0 7
10 37 27
9 70 36
9 15 32
3 99 25
11 79 23
x
x
2 49 28
11 8 28
11 87 32
6 64 9
0 15 28
15 55 11
x
1 40 12
8 5 1
12 5 11
x
5 39 12
5 64 22
x
13 45 28
4 93 34
5 15 8
7 57 19
5 37 30
12 63 8
x
0 79 21
8 24 30
x
13 64 15
8 14 31
8 9 29
4 9 40
10 80 31
x
15 57 2
4 11 41
x
12 92 38
10 29 4
8 88 25
3 19 39
3 41 36
3 4 22
3 3 21
x
8 64 5
9 36 4
12 26 9
2 38 31
x
6 44 43
11 12 22
13 37 14
8 70 40
13 15 31
11 52 36
2 16 34
12 29 10
x
3 82 32
10 87 40
2 66 41
x
15 91 6
1 24 25
6 71 17
6 58 11
8 0 33
x
11 95 0
10 96 32
1 44 19
7 30 27
2 72 6
5 55 20
15 84 5
7 92 13
15 25 17
11 68 3
5 99 2
x
x
6 18 5
2 70 8
15 77 30
9 24 33
14 28 25
5 45 13
8 84 23
5 70 25
10 62 35
15 32 35
7 53 4
4 80 0
1 0 23
x
2 14 33
14 49 38
13 99 23
11 28 20
15 86 44
12 23 43
12 0 30
14 17 21
5 88 15
12 42 21
12 94 0
5 73 18
12 58 19
14 88 13
7 80 40
15 97 14
12 90 4
12 32 23
14 99 33
8 82 34
6 74 26
x
x
x
7 32 7
0 43 39
0 8 44
7 40 15
x
3 67 15
11 85 7
1 49 13
10 4 38
x
2 99 13
9 75 37
8 31 22
x
11 18 21
10 16 16
x
13 26 24
10 12 36
4 42 33
4 39 38
x
0 11 7
x
8 19 35
15 95 15
14 47 37
5 0 32
x
1 90 30
11 32 43
8 47 39
7 15 30
6 0 3
12 8 12
2 74 35
0 94 18
3 48 43
6 56 24
12 46 20
10 91 8
2 60 10
13 60 36
11 57 38
x
x
15 36 34
11 22 29
15 40 41
x
8 35 20
9 47 0
14 70 27
8 58 36
8 29 0
2 12 29
2 59 11
11 16 30
x
6 62 12
10 0 39
2 44 38
13 54 40
x
11 26 2
3 11 4
8 75 13
10 81 7
5 61 21
15 0 4
x
3 0 27
5 67 23
x
x
1 53 31
3 23 7
5 81 1
4 72 1
14 0 40
6 82 29
10 54 0
9 43 27
11 4 26
x
11 76 13
x
x
9 61 8
7 47 20
8 92 24
11 89 8
4 88 32
1 86 8
12 83 16
1 6 21
0 35 23
x
8 39 8
2 32 44
0 41 9
3 88 41
6 91 18
x
13 17 20
x
0 52 16
3 32 16
9 29 34
x
15 9 29
10 68 44
1 59 35
15 17 19
12 40 41
11 64 39
2 5 1
2 55 5
0 89 19
6 68 35
13 13 7
13 0 44
3 44 30
14 92 12
7 59 5
0 45 38
4 49 10
14 43 41
15 62 31
x
14 22 22
x
14 73 28
3 5 23
15 67 33
10 92 22
8 44 44
2 35 32
10 18 1
14 51 36
3 70 19
10 59 34
7 35 31
12 54 6
6 28 40
7 10 33
9 38 44
15 72 32
9 22 1
9 98 28
6 94 28
7 49 21
9 90 41
0 48 37
4 22 15
4 84 27
11 74 9
10 24 5
x
9 52 26
0 30 26
14 67 31
8 41 7
1 18 42
14 62 39
13 84 2
1 31 0
4 0 17
12 78 17
4 61 16
5 93 16
x
10 72 43
11 37 37
x
5 77 14
8 53 37
x
2 78 27
x
9 58 24
x
10 34 21
7 84 41
x
2 52 36
x
5 10 7
x
13 28 22
1 3 22
2 26 30
x
6 66 0
9 45 17
3 73 35
3 13 5
2 62 40
1 15 1
x
15 3 28
2 82 43
9 66 38
8 96 2
1 55 3
1 35 11
9 10 31
1 95 39
6 54 25
8 61 16
13 53 3
x
8 99 9
6 23 39
0 25 27
5 50 33
4 13 5
13 49 38
3 2 20
3 6 13
11 42 42
10 40 3
13 94 0
x
6 76 30
1 82 9
5 58 27
x
x
6 13 4
x
3 92 42
7 20 14
x
7 0 1
x
x
11 92 6
10 8 37
8 72 3
15 82 10
6 6 22
3 58 38
12 88 32
3 53 37
x
14 84 9
13 73 11
7 51 44
10 94 20
1 9 20
14 3 43
5 98 37
x
x
7 88 8
5 35 34
x
x
x
13 47 17
8 81 14
x
x
x
4 41 14
8 67 4
4 19 26
x
3 79 33
5 2 36
6 49 44
3 76 34
14 97 29
1 12 2
10 45 15
x
x
11 70 11
13 31 29
6 34 41
9 55 25
0 50 11
9 0 35
11 0 25
6 60 10
13 9 33
12 17 26
15 29 43
13 41 16
3 50 2
10 35 13
x
4 45 11
9 49 3
13 23 26
15 99 25
4 53 9
11 47 44
14 7 20
9 40 15
11 62 12
x
13 89 12
9 94 42
0 67 24
0 62 25
1 74 5
3 65 1
7 25 32
0 72 10
13 7 34
10 38 18
12 11 24
8 56 32
0 99 5
15 87 3
12 96 35
4 76 13
x
x
1 78 4
11 83 24
6 85 14
4 7 36
15 7 38
11 81 1
1 28 24
15 53 36
x
7 45 12
13 46 42
x
x
8 37 6
5 52 24
x
x
3 17 3
14 38 23
8 78 26
x
12 93 40
14 33 24
5 20 9
3 93 28
9 34 5
12 2 42
13 11 19
x
x
10 65 14
8 33 21
0 74 22
x
1 60 16
1 70 6
5 97 35
4 29 29
15 13 40
14 12 26
9 83 40
9 5 29
x
2 20 42
x
2 41 37
x
x
0 57 15
14 76 10
14 64 17
10 83 41
4 24 4
13 56 37
x
x
13 68 9
14 80 11
2 47 12
6 97 31
x
2 10 23
13 34 21
4 16 6
x
8 7 41
4 98 23
10 76 42
13 79 10
x
3 25 9
12 50 13
3 29 18
15 89 39
0 4 6
5 84 19
1 66 7
1 21 43
13 20 6
x
3 9 11
7 65 17
x
x
0 0 17
x
4 5 7
15 54 12
10 93 19
4 35 12
